<?xml version="1.0" encoding="UTF-8"?>
<testsuite xmlns:xsi="http://www.w3.org/2001/XMLSchema-instance" xsi:noNamespaceSchemaLocation="https://maven.apache.org/surefire/maven-surefire-plugin/xsd/surefire-test-report-3.0.xsd" version="3.0" name="TestSuite" time="0.322" tests="2" errors="0" skipped="0" failures="0">
  <properties>
    <property name="java.specification.version" value="21"/>
    <property name="sun.jnu.encoding" value="UTF-8"/>
    <property name="java.class.path" value="/Users/ganesh/eclipse-workspace2/JavaFramework/target/test-classes:/Users/ganesh/eclipse-workspace2/JavaFramework/target/classes:/Users/ganesh/.m2/repository/org/testng/testng/7.1.0/testng-7.1.0.jar:/Users/ganesh/.m2/repository/com/beust/jcommander/1.72/jcommander-1.72.jar:/Users/ganesh/.m2/repository/com/google/inject/guice/4.1.0/guice-4.1.0-no_aop.jar:/Users/ganesh/.m2/repository/javax/inject/javax.inject/1/javax.inject-1.jar:/Users/ganesh/.m2/repository/aopalliance/aopalliance/1.0/aopalliance-1.0.jar:/Users/ganesh/.m2/repository/com/google/guava/guava/19.0/guava-19.0.jar:/Users/ganesh/.m2/repository/org/yaml/snakeyaml/1.21/snakeyaml-1.21.jar:/Users/ganesh/.m2/repository/io/qameta/allure/allure-testng/2.25.0/allure-testng-2.25.0.jar:/Users/ganesh/.m2/repository/io/qameta/allure/allure-java-commons/2.25.0/allure-java-commons-2.25.0.jar:/Users/ganesh/.m2/repository/org/slf4j/slf4j-api/1.7.36/slf4j-api-1.7.36.jar:/Users/ganesh/.m2/repository/io/qameta/allure/allure-model/2.25.0/allure-model-2.25.0.jar:/Users/ganesh/.m2/repository/io/qameta/allure/allure-test-filter/2.25.0/allure-test-filter-2.25.0.jar:"/>
    <property name="java.vm.vendor" value="Homebrew"/>
    <property name="sun.arch.data.model" value="64"/>
    <property name="java.vendor.url" value="https://github.com/Homebrew/homebrew-core/issues"/>
    <property name="user.timezone" value="Asia/Kolkata"/>
    <property name="os.name" value="Mac OS X"/>
    <property name="java.vm.specification.version" value="21"/>
    <property name="sun.java.launcher" value="SUN_STANDARD"/>
    <property name="user.country" value="IN"/>
    <property name="sun.boot.library.path" value="/opt/homebrew/Cellar/openjdk/21.0.1/libexec/openjdk.jdk/Contents/Home/lib"/>
    <property name="sun.java.command" value="/Users/ganesh/eclipse-workspace2/JavaFramework/target/surefire/surefirebooter-20240225214307708_3.jar /Users/ganesh/eclipse-workspace2/JavaFramework/target/surefire 2024-02-25T21-43-07_662-jvmRun1 surefire-20240225214307708_1tmp surefire_0-20240225214307708_2tmp"/>
    <property name="http.nonProxyHosts" value="There|*.There|arent|*.arent|any|*.any|bypass|*.bypass|domains|*.domains|set|*.set|on|*.on|Wi-Fi.|*.Wi-Fi."/>
    <property name="jdk.debug" value="release"/>
    <property name="surefire.test.class.path" value="/Users/ganesh/eclipse-workspace2/JavaFramework/target/test-classes:/Users/ganesh/eclipse-workspace2/JavaFramework/target/classes:/Users/ganesh/.m2/repository/org/testng/testng/7.1.0/testng-7.1.0.jar:/Users/ganesh/.m2/repository/com/beust/jcommander/1.72/jcommander-1.72.jar:/Users/ganesh/.m2/repository/com/google/inject/guice/4.1.0/guice-4.1.0-no_aop.jar:/Users/ganesh/.m2/repository/javax/inject/javax.inject/1/javax.inject-1.jar:/Users/ganesh/.m2/repository/aopalliance/aopalliance/1.0/aopalliance-1.0.jar:/Users/ganesh/.m2/repository/com/google/guava/guava/19.0/guava-19.0.jar:/Users/ganesh/.m2/repository/org/yaml/snakeyaml/1.21/snakeyaml-1.21.jar:/Users/ganesh/.m2/repository/io/qameta/allure/allure-testng/2.25.0/allure-testng-2.25.0.jar:/Users/ganesh/.m2/repository/io/qameta/allure/allure-java-commons/2.25.0/allure-java-commons-2.25.0.jar:/Users/ganesh/.m2/repository/org/slf4j/slf4j-api/1.7.36/slf4j-api-1.7.36.jar:/Users/ganesh/.m2/repository/io/qameta/allure/allure-model/2.25.0/allure-model-2.25.0.jar:/Users/ganesh/.m2/repository/io/qameta/allure/allure-test-filter/2.25.0/allure-test-filter-2.25.0.jar:"/>
    <property name="sun.cpu.endian" value="little"/>
    <property name="user.home" value="/Users/ganesh"/>
    <property name="user.language" value="en"/>
    <property name="java.specification.vendor" value="Oracle Corporation"/>
    <property name="java.version.date" value="2023-10-17"/>
    <property name="java.home" value="/opt/homebrew/Cellar/openjdk/21.0.1/libexec/openjdk.jdk/Contents/Home"/>
    <property name="file.separator" value="/"/>
    <property name="basedir" value="/Users/ganesh/eclipse-workspace2/JavaFramework"/>
    <property name="java.vm.compressedOopsMode" value="Zero based"/>
    <property name="line.separator" value="&#10;"/>
    <property name="java.vm.specification.vendor" value="Oracle Corporation"/>
    <property name="java.specification.name" value="Java Platform API Specification"/>
    <property name="apple.awt.application.name" value="ForkedBooter"/>
    <property name="surefire.real.class.path" value="/Users/ganesh/eclipse-workspace2/JavaFramework/target/surefire/surefirebooter-20240225214307708_3.jar"/>
    <property name="sun.management.compiler" value="HotSpot 64-Bit Tiered Compilers"/>
    <property name="ftp.nonProxyHosts" value="There|*.There|arent|*.arent|any|*.any|bypass|*.bypass|domains|*.domains|set|*.set|on|*.on|Wi-Fi.|*.Wi-Fi."/>
    <property name="java.runtime.version" value="21.0.1"/>
    <property name="user.name" value="ganesh"/>
    <property name="stdout.encoding" value="UTF-8"/>
    <property name="path.separator" value=":"/>
    <property name="os.version" value="12.2"/>
    <property name="java.runtime.name" value="OpenJDK Runtime Environment"/>
    <property name="file.encoding" value="UTF-8"/>
    <property name="java.vm.name" value="OpenJDK 64-Bit Server VM"/>
    <property name="java.vendor.version" value="Homebrew"/>
    <property name="localRepository" value="/Users/ganesh/.m2/repository"/>
    <property name="java.vendor.url.bug" value="https://github.com/Homebrew/homebrew-core/issues"/>
    <property name="java.io.tmpdir" value="/var/folders/d8/tm9180x92rvf20swgxwqzsn80000gn/T/"/>
    <property name="java.version" value="21.0.1"/>
    <property name="user.dir" value="/Users/ganesh/eclipse-workspace2/JavaFramework"/>
    <property name="os.arch" value="aarch64"/>
    <property name="java.vm.specification.name" value="Java Virtual Machine Specification"/>
    <property name="native.encoding" value="UTF-8"/>
    <property name="java.library.path" value="/Users/ganesh/Library/Java/Extensions:/Library/Java/Extensions:/Network/Library/Java/Extensions:/System/Library/Java/Extensions:/usr/lib/java:."/>
    <property name="java.vm.info" value="mixed mode, sharing"/>
    <property name="stderr.encoding" value="UTF-8"/>
    <property name="java.vendor" value="Homebrew"/>
    <property name="java.vm.version" value="21.0.1"/>
    <property name="sun.io.unicode.encoding" value="UnicodeBig"/>
    <property name="socksNonProxyHosts" value="There|*.There|arent|*.arent|any|*.any|bypass|*.bypass|domains|*.domains|set|*.set|on|*.on|Wi-Fi.|*.Wi-Fi."/>
    <property name="java.class.version" value="65.0"/>
  </properties>
  <testcase name="firstMethod" classname="testclasses.FirstTest" time="0.026">
    <system-out><![CDATA[[TestNG] [WARN] Ignoring duplicate listener : io.qameta.allure.testng.AllureTestNg
[TestNG] [WARN] Ignoring duplicate listener : io.qameta.allure.testng.AllureTestNg
[TestNG] [WARN] Ignoring duplicate listener : io.qameta.allure.testng.AllureTestNg
true
saiganesh
jdbc:mysql://localhost:3306/mydatabase
firstMethod
LIVE
]]></system-out>
    <system-err><![CDATA[SLF4J: Failed to load class "org.slf4j.impl.StaticLoggerBinder".
SLF4J: Defaulting to no-operation (NOP) logger implementation
SLF4J: See http://www.slf4j.org/codes.html#StaticLoggerBinder for further details.
]]></system-err>
  </testcase>
  <testcase name="secondMethod" classname="testclasses.FirstTest" time="0.001">
    <system-out><![CDATA[true
myuser
secondMethod
LIVE
]]></system-out>
  </testcase>
</testsuite>