<?xml version="1.0" encoding="UTF-8"?>
<!-- Generated by org.testng.reporters.JUnitReportReporter -->
<testsuite hostname="WINDELLAP-699.local" failures="0" tests="2" name="tests.BasicTest" time="48.091" errors="0" timestamp="2024-03-17T00:30:02 IST" skipped="0">
  <testcase classname="tests.BasicTest" name="tc1_validateTitles" time="20.176"/>
  <system-out/>
  <testcase classname="tests.BasicTest" name="tc1_validateTitles" time="27.915"/>
  <system-out/>
</testsuite> <!-- tests.BasicTest -->
