<?xml version="1.0" encoding="UTF-8"?>
<!-- Generated by org.testng.reporters.JUnitReportReporter -->
<testsuite hostname="WINDELLAP-699.local" failures="0" tests="4" name="testclasses.TestDataTest" time="0.143" errors="0" timestamp="2024-02-27T01:08:08 IST" skipped="0">
  <testcase classname="testclasses.TestDataTest" name="ek435_passwordTest" time="0.007"/>
  <system-out/>
  <testcase classname="testclasses.TestDataTest" name="ek435_passwordTest" time="0.125"/>
  <system-out/>
  <testcase classname="testclasses.TestDataTest" name="ek235_loginTest" time="0.004"/>
  <system-out/>
  <testcase classname="testclasses.TestDataTest" name="ek235_loginTest" time="0.007"/>
  <system-out/>
</testsuite> <!-- testclasses.TestDataTest -->
