<?xml version="1.0" encoding="UTF-8"?>
<!-- Generated by org.testng.reporters.JUnitReportReporter -->
<testsuite hostname="WINDELLAP-699.local" failures="0" tests="1" name="com.sg.testscripts.FirstTestClass" time="0.007" errors="0" timestamp="2024-02-25T15:58:30 IST" skipped="0">
  <testcase classname="com.sg.testscripts.FirstTestClass" name="testMethod" time="0.007"/>
  <system-out/>
</testsuite> <!-- com.sg.testscripts.FirstTestClass -->
