<?xml version="1.0" encoding="UTF-8"?>
<!-- Generated by org.testng.reporters.JUnitReportReporter -->
<testsuite hostname="WINDELLAP-699.local" failures="0" tests="1" name="com.sg.testscripts.FirstTest" time="0.077" errors="0" timestamp="2024-02-25T16:23:08 IST" skipped="0">
  <testcase classname="com.sg.testscripts.FirstTest" name="testMethod" time="0.077"/>
  <system-out/>
</testsuite> <!-- com.sg.testscripts.FirstTest -->
