<?xml version="1.0" encoding="UTF-8"?>
<!-- Generated by org.testng.reporters.JUnitReportReporter -->
<testsuite hostname="WINDELLAP-699.local" failures="0" tests="1" name="tests.LoginTest" time="12.132" errors="0" timestamp="2024-03-17T00:30:02 IST" skipped="0">
  <testcase classname="tests.LoginTest" name="tc2_loginTestMethod" time="12.132"/>
  <system-out/>
</testsuite> <!-- tests.LoginTest -->
