<?xml version="1.0" encoding="UTF-8"?>
<!-- Generated by org.testng.reporters.JUnitReportReporter -->
<testsuite hostname="WINDELLAP-699.local" failures="0" tests="2" name="tests.VerifyTitles" time="40.224" errors="0" timestamp="2024-03-16T22:56:04 IST" skipped="0">
  <testcase classname="tests.VerifyTitles" name="tc1_validateTitles" time="24.364"/>
  <system-out/>
  <testcase classname="tests.VerifyTitles" name="tc1_validateTitles" time="15.860"/>
  <system-out/>
</testsuite> <!-- tests.VerifyTitles -->
