<?xml version="1.0" encoding="UTF-8"?>
<!-- Generated by org.testng.reporters.JUnitReportReporter -->
<testsuite hostname="WINDELLAP-699.local" failures="0" tests="2" name="tests.tc1_LoginTest" time="41.701" errors="0" timestamp="2024-03-16T14:48:09 IST" skipped="0">
  <testcase classname="tests.tc1_LoginTest" name="testMethod1" time="21.861"/>
  <system-out/>
  <testcase classname="tests.tc1_LoginTest" name="testMethod2" time="19.840"/>
  <system-out/>
</testsuite> <!-- tests.tc1_LoginTest -->
