<?xml version="1.0" encoding="UTF-8"?>
<!-- Generated by org.testng.reporters.JUnitReportReporter -->
<testsuite hostname="WINDELLAP-699.local" failures="0" tests="2" name="testclasses.FirstTest" time="0.027" errors="0" timestamp="2024-02-25T21:43:08 IST" skipped="0">
  <testcase classname="testclasses.FirstTest" name="firstMethod" time="0.025"/>
  <system-out/>
  <testcase classname="testclasses.FirstTest" name="secondMethod" time="0.002"/>
  <system-out/>
</testsuite> <!-- testclasses.FirstTest -->
